<?xml version="1.0" encoding="UTF-8"?>
<!-- Generated by org.testng.reporters.JUnitReportReporter -->
<testsuite hostname="LAPTOP-EHTD18PC" failures="0" tests="1" name="com.sample.test.demo.tests.OrderPizzaWithSomeMissingValues" time="0.729" errors="0" timestamp="08 Oct 2021 06:29:31 GMT" skipped="0">
  <testcase classname="com.sample.test.demo.tests.OrderPizzaWithSomeMissingValues" name="OrderPizza_Missing_NameField" time="0.729"/>
</testsuite> <!-- com.sample.test.demo.tests.OrderPizzaWithSomeMissingValues -->
